<?xml version="1.0" encoding="UTF-8"?>
<!-- Generated by org.testng.reporters.JUnitReportReporter -->
<testsuite hostname="DESKTOP-IG0O3FD" failures="0" tests="1" name="hii.flipkart" time="17.839" errors="0" timestamp="2021-02-22T17:17:57 IST" skipped="0">
  <testcase classname="hii.flipkart" name="login" time="17.839"/>
  <system-out/>
</testsuite> <!-- hii.flipkart -->
