<?xml version="1.0" encoding="UTF-8"?>
<!-- Generated by org.testng.reporters.JUnitReportReporter -->
<testsuite hostname="DESKTOP-IG0O3FD" failures="0" tests="1" name="hii.amazon" time="20.662" errors="0" timestamp="2021-03-01T15:46:29 IST" skipped="0">
  <testcase classname="hii.amazon" name="amazon_order" time="20.662"/>
  <system-out/>
</testsuite> <!-- hii.amazon -->
