<?xml version="1.0" encoding="UTF-8"?>
<!-- Generated by org.testng.reporters.JUnitReportReporter -->
<testsuite hostname="DESKTOP-IG0O3FD" failures="0" tests="2" name="cross_browser.cross_browser" time="12.856" errors="0" timestamp="2021-02-28T13:33:28 IST" skipped="0">
  <testcase classname="cross_browser.cross_browser" name="login" time="7.333"/>
  <system-out/>
  <testcase classname="cross_browser.cross_browser" name="login" time="5.523"/>
  <system-out/>
</testsuite> <!-- cross_browser.cross_browser -->
