<?xml version="1.0" encoding="UTF-8"?>
<!-- Generated by org.testng.reporters.JUnitReportReporter -->
<testsuite hostname="DESKTOP-IG0O3FD" failures="0" tests="2" name="cross_browser.cross_browser" time="3.871" errors="0" timestamp="2021-03-02T22:37:17 IST" skipped="0">
  <testcase classname="cross_browser.cross_browser" name="login" time="1.867"/>
  <system-out/>
  <testcase classname="cross_browser.cross_browser" name="login" time="2.004"/>
  <system-out/>
</testsuite> <!-- cross_browser.cross_browser -->
