<?xml version="1.0" encoding="UTF-8"?>
<!-- Generated by org.testng.reporters.JUnitReportReporter -->
<testsuite hostname="DESKTOP-IG0O3FD" failures="0" tests="1" name="first.first_class" time="2.758" errors="0" timestamp="2021-03-01T20:22:05 IST" skipped="0">
  <testcase classname="first.first_class" name="login" time="2.758"/>
  <system-out/>
</testsuite> <!-- first.first_class -->
