<?xml version="1.0" encoding="UTF-8"?>
<!-- Generated by org.testng.reporters.JUnitReportReporter -->
<testsuite hostname="DESKTOP-IG0O3FD" failures="0" tests="1" name="action_robot.action_robot" time="52.461" errors="0" timestamp="2021-03-01T15:23:48 IST" skipped="0">
  <testcase classname="action_robot.action_robot" name="setup" time="52.461"/>
  <system-out/>
</testsuite> <!-- action_robot.action_robot -->
